<?xml version="1.0" encoding="UTF-8"?>
<testsuite xmlns:xsi="http://www.w3.org/2001/XMLSchema-instance" xsi:noNamespaceSchemaLocation="https://maven.apache.org/surefire/maven-surefire-plugin/xsd/surefire-test-report-3.0.xsd" version="3.0" name="com.school.timetable.test.parser.JsonInputParserTest" time="0.445" tests="4" errors="0" skipped="0" failures="0">
  <properties>
[...]
</properties>
  <testcase name="testParseInput" classname="com.school.timetable.test.parser.JsonInputParserTest" time="0.348">
    <system-out><![CDATA[*****Teacher Availability******: {Friday={2=[Teacher(name=Radhu, subjects=[Mathematics, Physics], forbiddenPeriods={Monday=[3], Wednesday=[2, 6, 7, 8]}, availablePeriods={Tuesday=[1], Friday=[2, 3]}, maxConsecutivePeriods=2, minPeriodsPerDay=2, periodsPerWeek=15, classTeacherOf=ClassInfo(classGrade=10, section=A, subject=Mathematics))], 3=[Teacher(name=Radhu, subjects=[Mathematics, Physics], forbiddenPeriods={Monday=[3], Wednesday=[2, 6, 7, 8]}, availablePeriods={Tuesday=[1], Friday=[2, 3]}, maxConsecutivePeriods=2, minPeriodsPerDay=2, periodsPerWeek=15, classTeacherOf=ClassInfo(classGrade=10, section=A, subject=Mathematics))]}, Tuesday={1=[Teacher(name=Radhu, subjects=[Mathematics, Physics], forbiddenPeriods={Monday=[3], Wednesday=[2, 6, 7, 8]}, availablePeriods={Tuesday=[1], Friday=[2, 3]}, maxConsecutivePeriods=2, minPeriodsPerDay=2, periodsPerWeek=15, classTeacherOf=ClassInfo(classGrade=10, section=A, subject=Mathematics))]}}
*****Class Schedules: ********{10A={Friday=[ScheduleEntry(period=1, classInfo=ClassInfo(classGrade=10, section=A, subject=Mathematics))], Monday=[ScheduleEntry(period=1, classInfo=ClassInfo(classGrade=10, section=A, subject=Mathematics))], Wednesday=[ScheduleEntry(period=1, classInfo=ClassInfo(classGrade=10, section=A, subject=Mathematics))], Tuesday=[ScheduleEntry(period=1, classInfo=ClassInfo(classGrade=10, section=A, subject=Mathematics))], Thursday=[ScheduleEntry(period=1, classInfo=ClassInfo(classGrade=10, section=A, subject=Mathematics))]}}
******Subject Period Tracker****{Mathematics={10A=PeriodRequirement(remainingPeriodsPerDay=1, remainingPeriodsPerWeek=5)}, Physics={10B=PeriodRequirement(remainingPeriodsPerDay=1, remainingPeriodsPerWeek=5)}}
******Teacher WorkLoad Mapping*****{Radhu={Friday=0, Monday=0, Wednesday=0, Tuesday=0, Thursday=0}}
******Subject Usage Map*******{Mathematics=[ClassPeriodCount(classGrade=10, section=A, totalPeriods=0)], Physics=[ClassPeriodCount(classGrade=10, section=B, totalPeriods=0)]}
]]></system-out>
  </testcase>
  <testcase name="testForbiddenPeriodPopulator" classname="com.school.timetable.test.parser.JsonInputParserTest" time="0.021">
    <system-out><![CDATA[*****Teacher Availability******: {Friday={1=[Teacher(name=Radhu, subjects=[Mathematics], forbiddenPeriods={Monday=[3, 5], Wednesday=[2, 4, 6]}, availablePeriods={}, maxConsecutivePeriods=2, minPeriodsPerDay=1, periodsPerWeek=5, classTeacherOf=ClassInfo(classGrade=null, section=null, subject=null)), Teacher(name=Ravi, subjects=[Physics], forbiddenPeriods={Tuesday=[1, 4], Thursday=[2, 3]}, availablePeriods={}, maxConsecutivePeriods=3, minPeriodsPerDay=1, periodsPerWeek=6, classTeacherOf=ClassInfo(classGrade=null, section=null, subject=null))], 2=[Teacher(name=Radhu, subjects=[Mathematics], forbiddenPeriods={Monday=[3, 5], Wednesday=[2, 4, 6]}, availablePeriods={}, maxConsecutivePeriods=2, minPeriodsPerDay=1, periodsPerWeek=5, classTeacherOf=ClassInfo(classGrade=null, section=null, subject=null)), Teacher(name=Ravi, subjects=[Physics], forbiddenPeriods={Tuesday=[1, 4], Thursday=[2, 3]}, availablePeriods={}, maxConsecutivePeriods=3, minPeriodsPerDay=1, periodsPerWeek=6, classTeacherOf=ClassInfo(classGrade=null, section=null, subject=null))], 3=[Teacher(name=Radhu, subjects=[Mathematics], forbiddenPeriods={Monday=[3, 5], Wednesday=[2, 4, 6]}, availablePeriods={}, maxConsecutivePeriods=2, minPeriodsPerDay=1, periodsPerWeek=5, classTeacherOf=ClassInfo(classGrade=null, section=null, subject=null)), Teacher(name=Ravi, subjects=[Physics], forbiddenPeriods={Tuesday=[1, 4], Thursday=[2, 3]}, availablePeriods={}, maxConsecutivePeriods=3, minPeriodsPerDay=1, periodsPerWeek=6, classTeacherOf=ClassInfo(classGrade=null, section=null, subject=null))], 4=[Teacher(name=Radhu, subjects=[Mathematics], forbiddenPeriods={Monday=[3, 5], Wednesday=[2, 4, 6]}, availablePeriods={}, maxConsecutivePeriods=2, minPeriodsPerDay=1, periodsPerWeek=5, classTeacherOf=ClassInfo(classGrade=null, section=null, subject=null)), Teacher(name=Ravi, subjects=[Physics], forbiddenPeriods={Tuesday=[1, 4], Thursday=[2, 3]}, availablePeriods={}, maxConsecutivePeriods=3, minPeriodsPerDay=1, periodsPerWeek=6, classTeacherOf=ClassInfo(classGrade=null, section=null, subject=null))], 5=[Teacher(name=Radhu, subjects=[Mathematics], forbiddenPeriods={Monday=[3, 5], Wednesday=[2, 4, 6]}, availablePeriods={}, maxConsecutivePeriods=2, minPeriodsPerDay=1, periodsPerWeek=5, classTeacherOf=ClassInfo(classGrade=null, section=null, subject=null)), Teacher(name=Ravi, subjects=[Physics], forbiddenPeriods={Tuesday=[1, 4], Thursday=[2, 3]}, availablePeriods={}, maxConsecutivePeriods=3, minPeriodsPerDay=1, periodsPerWeek=6, classTeacherOf=ClassInfo(classGrade=null, section=null, subject=null))], 6=[Teacher(name=Radhu, subjects=[Mathematics], forbiddenPeriods={Monday=[3, 5], Wednesday=[2, 4, 6]}, availablePeriods={}, maxConsecutivePeriods=2, minPeriodsPerDay=1, periodsPerWeek=5, classTeacherOf=ClassInfo(classGrade=null, section=null, subject=null)), Teacher(name=Ravi, subjects=[Physics], forbiddenPeriods={Tuesday=[1, 4], Thursday=[2, 3]}, availablePeriods={}, maxConsecutivePeriods=3, minPeriodsPerDay=1, periodsPerWeek=6, classTeacherOf=ClassInfo(classGrade=null, section=null, subject=null))], 7=[Teacher(name=Radhu, subjects=[Mathematics], forbiddenPeriods={Monday=[3, 5], Wednesday=[2, 4, 6]}, availablePeriods={}, maxConsecutivePeriods=2, minPeriodsPerDay=1, periodsPerWeek=5, classTeacherOf=ClassInfo(classGrade=null, section=null, subject=null)), Teacher(name=Ravi, subjects=[Physics], forbiddenPeriods={Tuesday=[1, 4], Thursday=[2, 3]}, availablePeriods={}, maxConsecutivePeriods=3, minPeriodsPerDay=1, periodsPerWeek=6, classTeacherOf=ClassInfo(classGrade=null, section=null, subject=null))], 8=[Teacher(name=Radhu, subjects=[Mathematics], forbiddenPeriods={Monday=[3, 5], Wednesday=[2, 4, 6]}, availablePeriods={}, maxConsecutivePeriods=2, minPeriodsPerDay=1, periodsPerWeek=5, classTeacherOf=ClassInfo(classGrade=null, section=null, subject=null)), Teacher(name=Ravi, subjects=[Physics], forbiddenPeriods={Tuesday=[1, 4], Thursday=[2, 3]}, availablePeriods={}, maxConsecutivePeriods=3, minPeriodsPerDay=1, periodsPerWeek=6, classTeacherOf=ClassInfo(classGrade=null, section=null, subject=null))]}, Monday={1=[Teacher(name=Radhu, subjects=[Mathematics], forbiddenPeriods={Monday=[3, 5], Wednesday=[2, 4, 6]}, availablePeriods={}, maxConsecutivePeriods=2, minPeriodsPerDay=1, periodsPerWeek=5, classTeacherOf=ClassInfo(classGrade=null, section=null, subject=null)), Teacher(name=Ravi, subjects=[Physics], forbiddenPeriods={Tuesday=[1, 4], Thursday=[2, 3]}, availablePeriods={}, maxConsecutivePeriods=3, minPeriodsPerDay=1, periodsPerWeek=6, classTeacherOf=ClassInfo(classGrade=null, section=null, subject=null))], 2=[Teacher(name=Radhu, subjects=[Mathematics], forbiddenPeriods={Monday=[3, 5], Wednesday=[2, 4, 6]}, availablePeriods={}, maxConsecutivePeriods=2, minPeriodsPerDay=1, periodsPerWeek=5, classTeacherOf=ClassInfo(classGrade=null, section=null, subject=null)), Teacher(name=Ravi, subjects=[Physics], forbiddenPeriods={Tuesday=[1, 4], Thursday=[2, 3]}, availablePeriods={}, maxConsecutivePeriods=3, minPeriodsPerDay=1, periodsPerWeek=6, classTeacherOf=ClassInfo(classGrade=null, section=null, subject=null))], 3=[Teacher(name=Ravi, subjects=[Physics], forbiddenPeriods={Tuesday=[1, 4], Thursday=[2, 3]}, availablePeriods={}, maxConsecutivePeriods=3, minPeriodsPerDay=1, periodsPerWeek=6, classTeacherOf=ClassInfo(classGrade=null, section=null, subject=null))], 4=[Teacher(name=Radhu, subjects=[Mathematics], forbiddenPeriods={Monday=[3, 5], Wednesday=[2, 4, 6]}, availablePeriods={}, maxConsecutivePeriods=2, minPeriodsPerDay=1, periodsPerWeek=5, classTeacherOf=ClassInfo(classGrade=null, section=null, subject=null)), Teacher(name=Ravi, subjects=[Physics], forbiddenPeriods={Tuesday=[1, 4], Thursday=[2, 3]}, availablePeriods={}, maxConsecutivePeriods=3, minPeriodsPerDay=1, periodsPerWeek=6, classTeacherOf=ClassInfo(classGrade=null, section=null, subject=null))], 5=[Teacher(name=Ravi, subjects=[Physics], forbiddenPeriods={Tuesday=[1, 4], Thursday=[2, 3]}, availablePeriods={}, maxConsecutivePeriods=3, minPeriodsPerDay=1, periodsPerWeek=6, classTeacherOf=ClassInfo(classGrade=null, section=null, subject=null))], 6=[Teacher(name=Radhu, subjects=[Mathematics], forbiddenPeriods={Monday=[3, 5], Wednesday=[2, 4, 6]}, availablePeriods={}, maxConsecutivePeriods=2, minPeriodsPerDay=1, periodsPerWeek=5, classTeacherOf=ClassInfo(classGrade=null, section=null, subject=null)), Teacher(name=Ravi, subjects=[Physics], forbiddenPeriods={Tuesday=[1, 4], Thursday=[2, 3]}, availablePeriods={}, maxConsecutivePeriods=3, minPeriodsPerDay=1, periodsPerWeek=6, classTeacherOf=ClassInfo(classGrade=null, section=null, subject=null))], 7=[Teacher(name=Radhu, subjects=[Mathematics], forbiddenPeriods={Monday=[3, 5], Wednesday=[2, 4, 6]}, availablePeriods={}, maxConsecutivePeriods=2, minPeriodsPerDay=1, periodsPerWeek=5, classTeacherOf=ClassInfo(classGrade=null, section=null, subject=null)), Teacher(name=Ravi, subjects=[Physics], forbiddenPeriods={Tuesday=[1, 4], Thursday=[2, 3]}, availablePeriods={}, maxConsecutivePeriods=3, minPeriodsPerDay=1, periodsPerWeek=6, classTeacherOf=ClassInfo(classGrade=null, section=null, subject=null))], 8=[Teacher(name=Radhu, subjects=[Mathematics], forbiddenPeriods={Monday=[3, 5], Wednesday=[2, 4, 6]}, availablePeriods={}, maxConsecutivePeriods=2, minPeriodsPerDay=1, periodsPerWeek=5, classTeacherOf=ClassInfo(classGrade=null, section=null, subject=null)), Teacher(name=Ravi, subjects=[Physics], forbiddenPeriods={Tuesday=[1, 4], Thursday=[2, 3]}, availablePeriods={}, maxConsecutivePeriods=3, minPeriodsPerDay=1, periodsPerWeek=6, classTeacherOf=ClassInfo(classGrade=null, section=null, subject=null))]}, Wednesday={1=[Teacher(name=Radhu, subjects=[Mathematics], forbiddenPeriods={Monday=[3, 5], Wednesday=[2, 4, 6]}, availablePeriods={}, maxConsecutivePeriods=2, minPeriodsPerDay=1, periodsPerWeek=5, classTeacherOf=ClassInfo(classGrade=null, section=null, subject=null)), Teacher(name=Ravi, subjects=[Physics], forbiddenPeriods={Tuesday=[1, 4], Thursday=[2, 3]}, availablePeriods={}, maxConsecutivePeriods=3, minPeriodsPerDay=1, periodsPerWeek=6, classTeacherOf=ClassInfo(classGrade=null, section=null, subject=null))], 2=[Teacher(name=Ravi, subjects=[Physics], forbiddenPeriods={Tuesday=[1, 4], Thursday=[2, 3]}, availablePeriods={}, maxConsecutivePeriods=3, minPeriodsPerDay=1, periodsPerWeek=6, classTeacherOf=ClassInfo(classGrade=null, section=null, subject=null))], 3=[Teacher(name=Radhu, subjects=[Mathematics], forbiddenPeriods={Monday=[3, 5], Wednesday=[2, 4, 6]}, availablePeriods={}, maxConsecutivePeriods=2, minPeriodsPerDay=1, periodsPerWeek=5, classTeacherOf=ClassInfo(classGrade=null, section=null, subject=null)), Teacher(name=Ravi, subjects=[Physics], forbiddenPeriods={Tuesday=[1, 4], Thursday=[2, 3]}, availablePeriods={}, maxConsecutivePeriods=3, minPeriodsPerDay=1, periodsPerWeek=6, classTeacherOf=ClassInfo(classGrade=null, section=null, subject=null))], 4=[Teacher(name=Ravi, subjects=[Physics], forbiddenPeriods={Tuesday=[1, 4], Thursday=[2, 3]}, availablePeriods={}, maxConsecutivePeriods=3, minPeriodsPerDay=1, periodsPerWeek=6, classTeacherOf=ClassInfo(classGrade=null, section=null, subject=null))], 5=[Teacher(name=Radhu, subjects=[Mathematics], forbiddenPeriods={Monday=[3, 5], Wednesday=[2, 4, 6]}, availablePeriods={}, maxConsecutivePeriods=2, minPeriodsPerDay=1, periodsPerWeek=5, classTeacherOf=ClassInfo(classGrade=null, section=null, subject=null)), Teacher(name=Ravi, subjects=[Physics], forbiddenPeriods={Tuesday=[1, 4], Thursday=[2, 3]}, availablePeriods={}, maxConsecutivePeriods=3, minPeriodsPerDay=1, periodsPerWeek=6, classTeacherOf=ClassInfo(classGrade=null, section=null, subject=null))], 6=[Teacher(name=Ravi, subjects=[Physics], forbiddenPeriods={Tuesday=[1, 4], Thursday=[2, 3]}, availablePeriods={}, maxConsecutivePeriods=3, minPeriodsPerDay=1, periodsPerWeek=6, classTeacherOf=ClassInfo(classGrade=null, section=null, subject=null))], 7=[Teacher(name=Radhu, subjects=[Mathematics], forbiddenPeriods={Monday=[3, 5], Wednesday=[2, 4, 6]}, availablePeriods={}, maxConsecutivePeriods=2, minPeriodsPerDay=1, periodsPerWeek=5, classTeacherOf=ClassInfo(classGrade=null, section=null, subject=null)), Teacher(name=Ravi, subjects=[Physics], forbiddenPeriods={Tuesday=[1, 4], Thursday=[2, 3]}, availablePeriods={}, maxConsecutivePeriods=3, minPeriodsPerDay=1, periodsPerWeek=6, classTeacherOf=ClassInfo(classGrade=null, section=null, subject=null))], 8=[Teacher(name=Radhu, subjects=[Mathematics], forbiddenPeriods={Monday=[3, 5], Wednesday=[2, 4, 6]}, availablePeriods={}, maxConsecutivePeriods=2, minPeriodsPerDay=1, periodsPerWeek=5, classTeacherOf=ClassInfo(classGrade=null, section=null, subject=null)), Teacher(name=Ravi, subjects=[Physics], forbiddenPeriods={Tuesday=[1, 4], Thursday=[2, 3]}, availablePeriods={}, maxConsecutivePeriods=3, minPeriodsPerDay=1, periodsPerWeek=6, classTeacherOf=ClassInfo(classGrade=null, section=null, subject=null))]}, Tuesday={1=[Teacher(name=Radhu, subjects=[Mathematics], forbiddenPeriods={Monday=[3, 5], Wednesday=[2, 4, 6]}, availablePeriods={}, maxConsecutivePeriods=2, minPeriodsPerDay=1, periodsPerWeek=5, classTeacherOf=ClassInfo(classGrade=null, section=null, subject=null))], 2=[Teacher(name=Radhu, subjects=[Mathematics], forbiddenPeriods={Monday=[3, 5], Wednesday=[2, 4, 6]}, availablePeriods={}, maxConsecutivePeriods=2, minPeriodsPerDay=1, periodsPerWeek=5, classTeacherOf=ClassInfo(classGrade=null, section=null, subject=null)), Teacher(name=Ravi, subjects=[Physics], forbiddenPeriods={Tuesday=[1, 4], Thursday=[2, 3]}, availablePeriods={}, maxConsecutivePeriods=3, minPeriodsPerDay=1, periodsPerWeek=6, classTeacherOf=ClassInfo(classGrade=null, section=null, subject=null))], 3=[Teacher(name=Radhu, subjects=[Mathematics], forbiddenPeriods={Monday=[3, 5], Wednesday=[2, 4, 6]}, availablePeriods={}, maxConsecutivePeriods=2, minPeriodsPerDay=1, periodsPerWeek=5, classTeacherOf=ClassInfo(classGrade=null, section=null, subject=null)), Teacher(name=Ravi, subjects=[Physics], forbiddenPeriods={Tuesday=[1, 4], Thursday=[2, 3]}, availablePeriods={}, maxConsecutivePeriods=3, minPeriodsPerDay=1, periodsPerWeek=6, classTeacherOf=ClassInfo(classGrade=null, section=null, subject=null))], 4=[Teacher(name=Radhu, subjects=[Mathematics], forbiddenPeriods={Monday=[3, 5], Wednesday=[2, 4, 6]}, availablePeriods={}, maxConsecutivePeriods=2, minPeriodsPerDay=1, periodsPerWeek=5, classTeacherOf=ClassInfo(classGrade=null, section=null, subject=null))], 5=[Teacher(name=Radhu, subjects=[Mathematics], forbiddenPeriods={Monday=[3, 5], Wednesday=[2, 4, 6]}, availablePeriods={}, maxConsecutivePeriods=2, minPeriodsPerDay=1, periodsPerWeek=5, classTeacherOf=ClassInfo(classGrade=null, section=null, subject=null)), Teacher(name=Ravi, subjects=[Physics], forbiddenPeriods={Tuesday=[1, 4], Thursday=[2, 3]}, availablePeriods={}, maxConsecutivePeriods=3, minPeriodsPerDay=1, periodsPerWeek=6, classTeacherOf=ClassInfo(classGrade=null, section=null, subject=null))], 6=[Teacher(name=Radhu, subjects=[Mathematics], forbiddenPeriods={Monday=[3, 5], Wednesday=[2, 4, 6]}, availablePeriods={}, maxConsecutivePeriods=2, minPeriodsPerDay=1, periodsPerWeek=5, classTeacherOf=ClassInfo(classGrade=null, section=null, subject=null)), Teacher(name=Ravi, subjects=[Physics], forbiddenPeriods={Tuesday=[1, 4], Thursday=[2, 3]}, availablePeriods={}, maxConsecutivePeriods=3, minPeriodsPerDay=1, periodsPerWeek=6, classTeacherOf=ClassInfo(classGrade=null, section=null, subject=null))], 7=[Teacher(name=Radhu, subjects=[Mathematics], forbiddenPeriods={Monday=[3, 5], Wednesday=[2, 4, 6]}, availablePeriods={}, maxConsecutivePeriods=2, minPeriodsPerDay=1, periodsPerWeek=5, classTeacherOf=ClassInfo(classGrade=null, section=null, subject=null)), Teacher(name=Ravi, subjects=[Physics], forbiddenPeriods={Tuesday=[1, 4], Thursday=[2, 3]}, availablePeriods={}, maxConsecutivePeriods=3, minPeriodsPerDay=1, periodsPerWeek=6, classTeacherOf=ClassInfo(classGrade=null, section=null, subject=null))], 8=[Teacher(name=Radhu, subjects=[Mathematics], forbiddenPeriods={Monday=[3, 5], Wednesday=[2, 4, 6]}, availablePeriods={}, maxConsecutivePeriods=2, minPeriodsPerDay=1, periodsPerWeek=5, classTeacherOf=ClassInfo(classGrade=null, section=null, subject=null)), Teacher(name=Ravi, subjects=[Physics], forbiddenPeriods={Tuesday=[1, 4], Thursday=[2, 3]}, availablePeriods={}, maxConsecutivePeriods=3, minPeriodsPerDay=1, periodsPerWeek=6, classTeacherOf=ClassInfo(classGrade=null, section=null, subject=null))]}, Thursday={1=[Teacher(name=Radhu, subjects=[Mathematics], forbiddenPeriods={Monday=[3, 5], Wednesday=[2, 4, 6]}, availablePeriods={}, maxConsecutivePeriods=2, minPeriodsPerDay=1, periodsPerWeek=5, classTeacherOf=ClassInfo(classGrade=null, section=null, subject=null)), Teacher(name=Ravi, subjects=[Physics], forbiddenPeriods={Tuesday=[1, 4], Thursday=[2, 3]}, availablePeriods={}, maxConsecutivePeriods=3, minPeriodsPerDay=1, periodsPerWeek=6, classTeacherOf=ClassInfo(classGrade=null, section=null, subject=null))], 2=[Teacher(name=Radhu, subjects=[Mathematics], forbiddenPeriods={Monday=[3, 5], Wednesday=[2, 4, 6]}, availablePeriods={}, maxConsecutivePeriods=2, minPeriodsPerDay=1, periodsPerWeek=5, classTeacherOf=ClassInfo(classGrade=null, section=null, subject=null))], 3=[Teacher(name=Radhu, subjects=[Mathematics], forbiddenPeriods={Monday=[3, 5], Wednesday=[2, 4, 6]}, availablePeriods={}, maxConsecutivePeriods=2, minPeriodsPerDay=1, periodsPerWeek=5, classTeacherOf=ClassInfo(classGrade=null, section=null, subject=null))], 4=[Teacher(name=Radhu, subjects=[Mathematics], forbiddenPeriods={Monday=[3, 5], Wednesday=[2, 4, 6]}, availablePeriods={}, maxConsecutivePeriods=2, minPeriodsPerDay=1, periodsPerWeek=5, classTeacherOf=ClassInfo(classGrade=null, section=null, subject=null)), Teacher(name=Ravi, subjects=[Physics], forbiddenPeriods={Tuesday=[1, 4], Thursday=[2, 3]}, availablePeriods={}, maxConsecutivePeriods=3, minPeriodsPerDay=1, periodsPerWeek=6, classTeacherOf=ClassInfo(classGrade=null, section=null, subject=null))], 5=[Teacher(name=Radhu, subjects=[Mathematics], forbiddenPeriods={Monday=[3, 5], Wednesday=[2, 4, 6]}, availablePeriods={}, maxConsecutivePeriods=2, minPeriodsPerDay=1, periodsPerWeek=5, classTeacherOf=ClassInfo(classGrade=null, section=null, subject=null)), Teacher(name=Ravi, subjects=[Physics], forbiddenPeriods={Tuesday=[1, 4], Thursday=[2, 3]}, availablePeriods={}, maxConsecutivePeriods=3, minPeriodsPerDay=1, periodsPerWeek=6, classTeacherOf=ClassInfo(classGrade=null, section=null, subject=null))], 6=[Teacher(name=Radhu, subjects=[Mathematics], forbiddenPeriods={Monday=[3, 5], Wednesday=[2, 4, 6]}, availablePeriods={}, maxConsecutivePeriods=2, minPeriodsPerDay=1, periodsPerWeek=5, classTeacherOf=ClassInfo(classGrade=null, section=null, subject=null)), Teacher(name=Ravi, subjects=[Physics], forbiddenPeriods={Tuesday=[1, 4], Thursday=[2, 3]}, availablePeriods={}, maxConsecutivePeriods=3, minPeriodsPerDay=1, periodsPerWeek=6, classTeacherOf=ClassInfo(classGrade=null, section=null, subject=null))], 7=[Teacher(name=Radhu, subjects=[Mathematics], forbiddenPeriods={Monday=[3, 5], Wednesday=[2, 4, 6]}, availablePeriods={}, maxConsecutivePeriods=2, minPeriodsPerDay=1, periodsPerWeek=5, classTeacherOf=ClassInfo(classGrade=null, section=null, subject=null)), Teacher(name=Ravi, subjects=[Physics], forbiddenPeriods={Tuesday=[1, 4], Thursday=[2, 3]}, availablePeriods={}, maxConsecutivePeriods=3, minPeriodsPerDay=1, periodsPerWeek=6, classTeacherOf=ClassInfo(classGrade=null, section=null, subject=null))], 8=[Teacher(name=Radhu, subjects=[Mathematics], forbiddenPeriods={Monday=[3, 5], Wednesday=[2, 4, 6]}, availablePeriods={}, maxConsecutivePeriods=2, minPeriodsPerDay=1, periodsPerWeek=5, classTeacherOf=ClassInfo(classGrade=null, section=null, subject=null)), Teacher(name=Ravi, subjects=[Physics], forbiddenPeriods={Tuesday=[1, 4], Thursday=[2, 3]}, availablePeriods={}, maxConsecutivePeriods=3, minPeriodsPerDay=1, periodsPerWeek=6, classTeacherOf=ClassInfo(classGrade=null, section=null, subject=null))]}}
*****Class Schedules: ********{}
******Subject Period Tracker****{Mathematics={12A=PeriodRequirement(remainingPeriodsPerDay=1, remainingPeriodsPerWeek=5), 11A=PeriodRequirement(remainingPeriodsPerDay=1, remainingPeriodsPerWeek=5), 10A=PeriodRequirement(remainingPeriodsPerDay=1, remainingPeriodsPerWeek=5)}, Physics={11B=PeriodRequirement(remainingPeriodsPerDay=1, remainingPeriodsPerWeek=6)}}
******Teacher WorkLoad Mapping*****{Radhu={Friday=0, Monday=0, Wednesday=0, Tuesday=0, Thursday=0}, Ravi={Friday=0, Monday=0, Wednesday=0, Tuesday=0, Thursday=0}}
******Subject Usage Map*******{Mathematics=[ClassPeriodCount(classGrade=10, section=A, totalPeriods=0), ClassPeriodCount(classGrade=11, section=A, totalPeriods=0), ClassPeriodCount(classGrade=12, section=A, totalPeriods=0)], Physics=[ClassPeriodCount(classGrade=11, section=B, totalPeriods=0)]}
]]></system-out>
  </testcase>
  <testcase name="testPopulator" classname="com.school.timetable.test.parser.JsonInputParserTest" time="0.035">
    <system-out><![CDATA[*****Teacher Availability******: {Friday={1=[Teacher(name=Radhu, subjects=[Mathematics], forbiddenPeriods={}, availablePeriods={}, maxConsecutivePeriods=2, minPeriodsPerDay=1, periodsPerWeek=5, classTeacherOf=ClassInfo(classGrade=10, section=A, subject=Mathematics)), Teacher(name=Ravi, subjects=[Physics], forbiddenPeriods={}, availablePeriods={}, maxConsecutivePeriods=3, minPeriodsPerDay=1, periodsPerWeek=6, classTeacherOf=ClassInfo(classGrade=11, section=B, subject=Physics))], 2=[Teacher(name=Radhu, subjects=[Mathematics], forbiddenPeriods={}, availablePeriods={}, maxConsecutivePeriods=2, minPeriodsPerDay=1, periodsPerWeek=5, classTeacherOf=ClassInfo(classGrade=10, section=A, subject=Mathematics)), Teacher(name=Ravi, subjects=[Physics], forbiddenPeriods={}, availablePeriods={}, maxConsecutivePeriods=3, minPeriodsPerDay=1, periodsPerWeek=6, classTeacherOf=ClassInfo(classGrade=11, section=B, subject=Physics))], 3=[Teacher(name=Radhu, subjects=[Mathematics], forbiddenPeriods={}, availablePeriods={}, maxConsecutivePeriods=2, minPeriodsPerDay=1, periodsPerWeek=5, classTeacherOf=ClassInfo(classGrade=10, section=A, subject=Mathematics)), Teacher(name=Ravi, subjects=[Physics], forbiddenPeriods={}, availablePeriods={}, maxConsecutivePeriods=3, minPeriodsPerDay=1, periodsPerWeek=6, classTeacherOf=ClassInfo(classGrade=11, section=B, subject=Physics))], 4=[Teacher(name=Radhu, subjects=[Mathematics], forbiddenPeriods={}, availablePeriods={}, maxConsecutivePeriods=2, minPeriodsPerDay=1, periodsPerWeek=5, classTeacherOf=ClassInfo(classGrade=10, section=A, subject=Mathematics)), Teacher(name=Ravi, subjects=[Physics], forbiddenPeriods={}, availablePeriods={}, maxConsecutivePeriods=3, minPeriodsPerDay=1, periodsPerWeek=6, classTeacherOf=ClassInfo(classGrade=11, section=B, subject=Physics))], 5=[Teacher(name=Radhu, subjects=[Mathematics], forbiddenPeriods={}, availablePeriods={}, maxConsecutivePeriods=2, minPeriodsPerDay=1, periodsPerWeek=5, classTeacherOf=ClassInfo(classGrade=10, section=A, subject=Mathematics)), Teacher(name=Ravi, subjects=[Physics], forbiddenPeriods={}, availablePeriods={}, maxConsecutivePeriods=3, minPeriodsPerDay=1, periodsPerWeek=6, classTeacherOf=ClassInfo(classGrade=11, section=B, subject=Physics))], 6=[Teacher(name=Radhu, subjects=[Mathematics], forbiddenPeriods={}, availablePeriods={}, maxConsecutivePeriods=2, minPeriodsPerDay=1, periodsPerWeek=5, classTeacherOf=ClassInfo(classGrade=10, section=A, subject=Mathematics)), Teacher(name=Ravi, subjects=[Physics], forbiddenPeriods={}, availablePeriods={}, maxConsecutivePeriods=3, minPeriodsPerDay=1, periodsPerWeek=6, classTeacherOf=ClassInfo(classGrade=11, section=B, subject=Physics))], 7=[Teacher(name=Radhu, subjects=[Mathematics], forbiddenPeriods={}, availablePeriods={}, maxConsecutivePeriods=2, minPeriodsPerDay=1, periodsPerWeek=5, classTeacherOf=ClassInfo(classGrade=10, section=A, subject=Mathematics)), Teacher(name=Ravi, subjects=[Physics], forbiddenPeriods={}, availablePeriods={}, maxConsecutivePeriods=3, minPeriodsPerDay=1, periodsPerWeek=6, classTeacherOf=ClassInfo(classGrade=11, section=B, subject=Physics))], 8=[Teacher(name=Radhu, subjects=[Mathematics], forbiddenPeriods={}, availablePeriods={}, maxConsecutivePeriods=2, minPeriodsPerDay=1, periodsPerWeek=5, classTeacherOf=ClassInfo(classGrade=10, section=A, subject=Mathematics)), Teacher(name=Ravi, subjects=[Physics], forbiddenPeriods={}, availablePeriods={}, maxConsecutivePeriods=3, minPeriodsPerDay=1, periodsPerWeek=6, classTeacherOf=ClassInfo(classGrade=11, section=B, subject=Physics))]}, Monday={1=[Teacher(name=Radhu, subjects=[Mathematics], forbiddenPeriods={}, availablePeriods={}, maxConsecutivePeriods=2, minPeriodsPerDay=1, periodsPerWeek=5, classTeacherOf=ClassInfo(classGrade=10, section=A, subject=Mathematics)), Teacher(name=Ravi, subjects=[Physics], forbiddenPeriods={}, availablePeriods={}, maxConsecutivePeriods=3, minPeriodsPerDay=1, periodsPerWeek=6, classTeacherOf=ClassInfo(classGrade=11, section=B, subject=Physics))], 2=[Teacher(name=Radhu, subjects=[Mathematics], forbiddenPeriods={}, availablePeriods={}, maxConsecutivePeriods=2, minPeriodsPerDay=1, periodsPerWeek=5, classTeacherOf=ClassInfo(classGrade=10, section=A, subject=Mathematics)), Teacher(name=Ravi, subjects=[Physics], forbiddenPeriods={}, availablePeriods={}, maxConsecutivePeriods=3, minPeriodsPerDay=1, periodsPerWeek=6, classTeacherOf=ClassInfo(classGrade=11, section=B, subject=Physics))], 3=[Teacher(name=Radhu, subjects=[Mathematics], forbiddenPeriods={}, availablePeriods={}, maxConsecutivePeriods=2, minPeriodsPerDay=1, periodsPerWeek=5, classTeacherOf=ClassInfo(classGrade=10, section=A, subject=Mathematics)), Teacher(name=Ravi, subjects=[Physics], forbiddenPeriods={}, availablePeriods={}, maxConsecutivePeriods=3, minPeriodsPerDay=1, periodsPerWeek=6, classTeacherOf=ClassInfo(classGrade=11, section=B, subject=Physics))], 4=[Teacher(name=Radhu, subjects=[Mathematics], forbiddenPeriods={}, availablePeriods={}, maxConsecutivePeriods=2, minPeriodsPerDay=1, periodsPerWeek=5, classTeacherOf=ClassInfo(classGrade=10, section=A, subject=Mathematics)), Teacher(name=Ravi, subjects=[Physics], forbiddenPeriods={}, availablePeriods={}, maxConsecutivePeriods=3, minPeriodsPerDay=1, periodsPerWeek=6, classTeacherOf=ClassInfo(classGrade=11, section=B, subject=Physics))], 5=[Teacher(name=Radhu, subjects=[Mathematics], forbiddenPeriods={}, availablePeriods={}, maxConsecutivePeriods=2, minPeriodsPerDay=1, periodsPerWeek=5, classTeacherOf=ClassInfo(classGrade=10, section=A, subject=Mathematics)), Teacher(name=Ravi, subjects=[Physics], forbiddenPeriods={}, availablePeriods={}, maxConsecutivePeriods=3, minPeriodsPerDay=1, periodsPerWeek=6, classTeacherOf=ClassInfo(classGrade=11, section=B, subject=Physics))], 6=[Teacher(name=Radhu, subjects=[Mathematics], forbiddenPeriods={}, availablePeriods={}, maxConsecutivePeriods=2, minPeriodsPerDay=1, periodsPerWeek=5, classTeacherOf=ClassInfo(classGrade=10, section=A, subject=Mathematics)), Teacher(name=Ravi, subjects=[Physics], forbiddenPeriods={}, availablePeriods={}, maxConsecutivePeriods=3, minPeriodsPerDay=1, periodsPerWeek=6, classTeacherOf=ClassInfo(classGrade=11, section=B, subject=Physics))], 7=[Teacher(name=Radhu, subjects=[Mathematics], forbiddenPeriods={}, availablePeriods={}, maxConsecutivePeriods=2, minPeriodsPerDay=1, periodsPerWeek=5, classTeacherOf=ClassInfo(classGrade=10, section=A, subject=Mathematics)), Teacher(name=Ravi, subjects=[Physics], forbiddenPeriods={}, availablePeriods={}, maxConsecutivePeriods=3, minPeriodsPerDay=1, periodsPerWeek=6, classTeacherOf=ClassInfo(classGrade=11, section=B, subject=Physics))], 8=[Teacher(name=Radhu, subjects=[Mathematics], forbiddenPeriods={}, availablePeriods={}, maxConsecutivePeriods=2, minPeriodsPerDay=1, periodsPerWeek=5, classTeacherOf=ClassInfo(classGrade=10, section=A, subject=Mathematics)), Teacher(name=Ravi, subjects=[Physics], forbiddenPeriods={}, availablePeriods={}, maxConsecutivePeriods=3, minPeriodsPerDay=1, periodsPerWeek=6, classTeacherOf=ClassInfo(classGrade=11, section=B, subject=Physics))]}, Wednesday={1=[Teacher(name=Radhu, subjects=[Mathematics], forbiddenPeriods={}, availablePeriods={}, maxConsecutivePeriods=2, minPeriodsPerDay=1, periodsPerWeek=5, classTeacherOf=ClassInfo(classGrade=10, section=A, subject=Mathematics)), Teacher(name=Ravi, subjects=[Physics], forbiddenPeriods={}, availablePeriods={}, maxConsecutivePeriods=3, minPeriodsPerDay=1, periodsPerWeek=6, classTeacherOf=ClassInfo(classGrade=11, section=B, subject=Physics))], 2=[Teacher(name=Radhu, subjects=[Mathematics], forbiddenPeriods={}, availablePeriods={}, maxConsecutivePeriods=2, minPeriodsPerDay=1, periodsPerWeek=5, classTeacherOf=ClassInfo(classGrade=10, section=A, subject=Mathematics)), Teacher(name=Ravi, subjects=[Physics], forbiddenPeriods={}, availablePeriods={}, maxConsecutivePeriods=3, minPeriodsPerDay=1, periodsPerWeek=6, classTeacherOf=ClassInfo(classGrade=11, section=B, subject=Physics))], 3=[Teacher(name=Radhu, subjects=[Mathematics], forbiddenPeriods={}, availablePeriods={}, maxConsecutivePeriods=2, minPeriodsPerDay=1, periodsPerWeek=5, classTeacherOf=ClassInfo(classGrade=10, section=A, subject=Mathematics)), Teacher(name=Ravi, subjects=[Physics], forbiddenPeriods={}, availablePeriods={}, maxConsecutivePeriods=3, minPeriodsPerDay=1, periodsPerWeek=6, classTeacherOf=ClassInfo(classGrade=11, section=B, subject=Physics))], 4=[Teacher(name=Radhu, subjects=[Mathematics], forbiddenPeriods={}, availablePeriods={}, maxConsecutivePeriods=2, minPeriodsPerDay=1, periodsPerWeek=5, classTeacherOf=ClassInfo(classGrade=10, section=A, subject=Mathematics)), Teacher(name=Ravi, subjects=[Physics], forbiddenPeriods={}, availablePeriods={}, maxConsecutivePeriods=3, minPeriodsPerDay=1, periodsPerWeek=6, classTeacherOf=ClassInfo(classGrade=11, section=B, subject=Physics))], 5=[Teacher(name=Radhu, subjects=[Mathematics], forbiddenPeriods={}, availablePeriods={}, maxConsecutivePeriods=2, minPeriodsPerDay=1, periodsPerWeek=5, classTeacherOf=ClassInfo(classGrade=10, section=A, subject=Mathematics)), Teacher(name=Ravi, subjects=[Physics], forbiddenPeriods={}, availablePeriods={}, maxConsecutivePeriods=3, minPeriodsPerDay=1, periodsPerWeek=6, classTeacherOf=ClassInfo(classGrade=11, section=B, subject=Physics))], 6=[Teacher(name=Radhu, subjects=[Mathematics], forbiddenPeriods={}, availablePeriods={}, maxConsecutivePeriods=2, minPeriodsPerDay=1, periodsPerWeek=5, classTeacherOf=ClassInfo(classGrade=10, section=A, subject=Mathematics)), Teacher(name=Ravi, subjects=[Physics], forbiddenPeriods={}, availablePeriods={}, maxConsecutivePeriods=3, minPeriodsPerDay=1, periodsPerWeek=6, classTeacherOf=ClassInfo(classGrade=11, section=B, subject=Physics))], 7=[Teacher(name=Radhu, subjects=[Mathematics], forbiddenPeriods={}, availablePeriods={}, maxConsecutivePeriods=2, minPeriodsPerDay=1, periodsPerWeek=5, classTeacherOf=ClassInfo(classGrade=10, section=A, subject=Mathematics)), Teacher(name=Ravi, subjects=[Physics], forbiddenPeriods={}, availablePeriods={}, maxConsecutivePeriods=3, minPeriodsPerDay=1, periodsPerWeek=6, classTeacherOf=ClassInfo(classGrade=11, section=B, subject=Physics))], 8=[Teacher(name=Radhu, subjects=[Mathematics], forbiddenPeriods={}, availablePeriods={}, maxConsecutivePeriods=2, minPeriodsPerDay=1, periodsPerWeek=5, classTeacherOf=ClassInfo(classGrade=10, section=A, subject=Mathematics)), Teacher(name=Ravi, subjects=[Physics], forbiddenPeriods={}, availablePeriods={}, maxConsecutivePeriods=3, minPeriodsPerDay=1, periodsPerWeek=6, classTeacherOf=ClassInfo(classGrade=11, section=B, subject=Physics))]}, Tuesday={1=[Teacher(name=Radhu, subjects=[Mathematics], forbiddenPeriods={}, availablePeriods={}, maxConsecutivePeriods=2, minPeriodsPerDay=1, periodsPerWeek=5, classTeacherOf=ClassInfo(classGrade=10, section=A, subject=Mathematics)), Teacher(name=Ravi, subjects=[Physics], forbiddenPeriods={}, availablePeriods={}, maxConsecutivePeriods=3, minPeriodsPerDay=1, periodsPerWeek=6, classTeacherOf=ClassInfo(classGrade=11, section=B, subject=Physics))], 2=[Teacher(name=Radhu, subjects=[Mathematics], forbiddenPeriods={}, availablePeriods={}, maxConsecutivePeriods=2, minPeriodsPerDay=1, periodsPerWeek=5, classTeacherOf=ClassInfo(classGrade=10, section=A, subject=Mathematics)), Teacher(name=Ravi, subjects=[Physics], forbiddenPeriods={}, availablePeriods={}, maxConsecutivePeriods=3, minPeriodsPerDay=1, periodsPerWeek=6, classTeacherOf=ClassInfo(classGrade=11, section=B, subject=Physics))], 3=[Teacher(name=Radhu, subjects=[Mathematics], forbiddenPeriods={}, availablePeriods={}, maxConsecutivePeriods=2, minPeriodsPerDay=1, periodsPerWeek=5, classTeacherOf=ClassInfo(classGrade=10, section=A, subject=Mathematics)), Teacher(name=Ravi, subjects=[Physics], forbiddenPeriods={}, availablePeriods={}, maxConsecutivePeriods=3, minPeriodsPerDay=1, periodsPerWeek=6, classTeacherOf=ClassInfo(classGrade=11, section=B, subject=Physics))], 4=[Teacher(name=Radhu, subjects=[Mathematics], forbiddenPeriods={}, availablePeriods={}, maxConsecutivePeriods=2, minPeriodsPerDay=1, periodsPerWeek=5, classTeacherOf=ClassInfo(classGrade=10, section=A, subject=Mathematics)), Teacher(name=Ravi, subjects=[Physics], forbiddenPeriods={}, availablePeriods={}, maxConsecutivePeriods=3, minPeriodsPerDay=1, periodsPerWeek=6, classTeacherOf=ClassInfo(classGrade=11, section=B, subject=Physics))], 5=[Teacher(name=Radhu, subjects=[Mathematics], forbiddenPeriods={}, availablePeriods={}, maxConsecutivePeriods=2, minPeriodsPerDay=1, periodsPerWeek=5, classTeacherOf=ClassInfo(classGrade=10, section=A, subject=Mathematics)), Teacher(name=Ravi, subjects=[Physics], forbiddenPeriods={}, availablePeriods={}, maxConsecutivePeriods=3, minPeriodsPerDay=1, periodsPerWeek=6, classTeacherOf=ClassInfo(classGrade=11, section=B, subject=Physics))], 6=[Teacher(name=Radhu, subjects=[Mathematics], forbiddenPeriods={}, availablePeriods={}, maxConsecutivePeriods=2, minPeriodsPerDay=1, periodsPerWeek=5, classTeacherOf=ClassInfo(classGrade=10, section=A, subject=Mathematics)), Teacher(name=Ravi, subjects=[Physics], forbiddenPeriods={}, availablePeriods={}, maxConsecutivePeriods=3, minPeriodsPerDay=1, periodsPerWeek=6, classTeacherOf=ClassInfo(classGrade=11, section=B, subject=Physics))], 7=[Teacher(name=Radhu, subjects=[Mathematics], forbiddenPeriods={}, availablePeriods={}, maxConsecutivePeriods=2, minPeriodsPerDay=1, periodsPerWeek=5, classTeacherOf=ClassInfo(classGrade=10, section=A, subject=Mathematics)), Teacher(name=Ravi, subjects=[Physics], forbiddenPeriods={}, availablePeriods={}, maxConsecutivePeriods=3, minPeriodsPerDay=1, periodsPerWeek=6, classTeacherOf=ClassInfo(classGrade=11, section=B, subject=Physics))], 8=[Teacher(name=Radhu, subjects=[Mathematics], forbiddenPeriods={}, availablePeriods={}, maxConsecutivePeriods=2, minPeriodsPerDay=1, periodsPerWeek=5, classTeacherOf=ClassInfo(classGrade=10, section=A, subject=Mathematics)), Teacher(name=Ravi, subjects=[Physics], forbiddenPeriods={}, availablePeriods={}, maxConsecutivePeriods=3, minPeriodsPerDay=1, periodsPerWeek=6, classTeacherOf=ClassInfo(classGrade=11, section=B, subject=Physics))]}, Thursday={1=[Teacher(name=Radhu, subjects=[Mathematics], forbiddenPeriods={}, availablePeriods={}, maxConsecutivePeriods=2, minPeriodsPerDay=1, periodsPerWeek=5, classTeacherOf=ClassInfo(classGrade=10, section=A, subject=Mathematics)), Teacher(name=Ravi, subjects=[Physics], forbiddenPeriods={}, availablePeriods={}, maxConsecutivePeriods=3, minPeriodsPerDay=1, periodsPerWeek=6, classTeacherOf=ClassInfo(classGrade=11, section=B, subject=Physics))], 2=[Teacher(name=Radhu, subjects=[Mathematics], forbiddenPeriods={}, availablePeriods={}, maxConsecutivePeriods=2, minPeriodsPerDay=1, periodsPerWeek=5, classTeacherOf=ClassInfo(classGrade=10, section=A, subject=Mathematics)), Teacher(name=Ravi, subjects=[Physics], forbiddenPeriods={}, availablePeriods={}, maxConsecutivePeriods=3, minPeriodsPerDay=1, periodsPerWeek=6, classTeacherOf=ClassInfo(classGrade=11, section=B, subject=Physics))], 3=[Teacher(name=Radhu, subjects=[Mathematics], forbiddenPeriods={}, availablePeriods={}, maxConsecutivePeriods=2, minPeriodsPerDay=1, periodsPerWeek=5, classTeacherOf=ClassInfo(classGrade=10, section=A, subject=Mathematics)), Teacher(name=Ravi, subjects=[Physics], forbiddenPeriods={}, availablePeriods={}, maxConsecutivePeriods=3, minPeriodsPerDay=1, periodsPerWeek=6, classTeacherOf=ClassInfo(classGrade=11, section=B, subject=Physics))], 4=[Teacher(name=Radhu, subjects=[Mathematics], forbiddenPeriods={}, availablePeriods={}, maxConsecutivePeriods=2, minPeriodsPerDay=1, periodsPerWeek=5, classTeacherOf=ClassInfo(classGrade=10, section=A, subject=Mathematics)), Teacher(name=Ravi, subjects=[Physics], forbiddenPeriods={}, availablePeriods={}, maxConsecutivePeriods=3, minPeriodsPerDay=1, periodsPerWeek=6, classTeacherOf=ClassInfo(classGrade=11, section=B, subject=Physics))], 5=[Teacher(name=Radhu, subjects=[Mathematics], forbiddenPeriods={}, availablePeriods={}, maxConsecutivePeriods=2, minPeriodsPerDay=1, periodsPerWeek=5, classTeacherOf=ClassInfo(classGrade=10, section=A, subject=Mathematics)), Teacher(name=Ravi, subjects=[Physics], forbiddenPeriods={}, availablePeriods={}, maxConsecutivePeriods=3, minPeriodsPerDay=1, periodsPerWeek=6, classTeacherOf=ClassInfo(classGrade=11, section=B, subject=Physics))], 6=[Teacher(name=Radhu, subjects=[Mathematics], forbiddenPeriods={}, availablePeriods={}, maxConsecutivePeriods=2, minPeriodsPerDay=1, periodsPerWeek=5, classTeacherOf=ClassInfo(classGrade=10, section=A, subject=Mathematics)), Teacher(name=Ravi, subjects=[Physics], forbiddenPeriods={}, availablePeriods={}, maxConsecutivePeriods=3, minPeriodsPerDay=1, periodsPerWeek=6, classTeacherOf=ClassInfo(classGrade=11, section=B, subject=Physics))], 7=[Teacher(name=Radhu, subjects=[Mathematics], forbiddenPeriods={}, availablePeriods={}, maxConsecutivePeriods=2, minPeriodsPerDay=1, periodsPerWeek=5, classTeacherOf=ClassInfo(classGrade=10, section=A, subject=Mathematics)), Teacher(name=Ravi, subjects=[Physics], forbiddenPeriods={}, availablePeriods={}, maxConsecutivePeriods=3, minPeriodsPerDay=1, periodsPerWeek=6, classTeacherOf=ClassInfo(classGrade=11, section=B, subject=Physics))], 8=[Teacher(name=Radhu, subjects=[Mathematics], forbiddenPeriods={}, availablePeriods={}, maxConsecutivePeriods=2, minPeriodsPerDay=1, periodsPerWeek=5, classTeacherOf=ClassInfo(classGrade=10, section=A, subject=Mathematics)), Teacher(name=Ravi, subjects=[Physics], forbiddenPeriods={}, availablePeriods={}, maxConsecutivePeriods=3, minPeriodsPerDay=1, periodsPerWeek=6, classTeacherOf=ClassInfo(classGrade=11, section=B, subject=Physics))]}}
*****Class Schedules: ********{10A={Friday=[ScheduleEntry(period=1, classInfo=ClassInfo(classGrade=10, section=A, subject=Mathematics))], Monday=[ScheduleEntry(period=1, classInfo=ClassInfo(classGrade=10, section=A, subject=Mathematics))], Wednesday=[ScheduleEntry(period=1, classInfo=ClassInfo(classGrade=10, section=A, subject=Mathematics))], Tuesday=[ScheduleEntry(period=1, classInfo=ClassInfo(classGrade=10, section=A, subject=Mathematics))], Thursday=[ScheduleEntry(period=1, classInfo=ClassInfo(classGrade=10, section=A, subject=Mathematics))]}, 11B={Friday=[ScheduleEntry(period=1, classInfo=ClassInfo(classGrade=11, section=B, subject=Physics))], Monday=[ScheduleEntry(period=1, classInfo=ClassInfo(classGrade=11, section=B, subject=Physics))], Wednesday=[ScheduleEntry(period=1, classInfo=ClassInfo(classGrade=11, section=B, subject=Physics))], Tuesday=[ScheduleEntry(period=1, classInfo=ClassInfo(classGrade=11, section=B, subject=Physics))], Thursday=[ScheduleEntry(period=1, classInfo=ClassInfo(classGrade=11, section=B, subject=Physics))]}}
******Subject Period Tracker****{Mathematics={10A=PeriodRequirement(remainingPeriodsPerDay=1, remainingPeriodsPerWeek=5)}, Physics={11B=PeriodRequirement(remainingPeriodsPerDay=1, remainingPeriodsPerWeek=6)}}
******Teacher WorkLoad Mapping*****{Radhu={Friday=0, Monday=0, Wednesday=0, Tuesday=0, Thursday=0}, Ravi={Friday=0, Monday=0, Wednesday=0, Tuesday=0, Thursday=0}}
******Subject Usage Map*******{Mathematics=[ClassPeriodCount(classGrade=10, section=A, totalPeriods=0)], Physics=[ClassPeriodCount(classGrade=11, section=B, totalPeriods=0)]}
]]></system-out>
  </testcase>
  <testcase name="testComboScenarioPopulator" classname="com.school.timetable.test.parser.JsonInputParserTest" time="0.026">
    <system-out><![CDATA[*****Teacher Availability******: {Friday={1=[Teacher(name=Radhu, subjects=[Mathematics], forbiddenPeriods={Monday=[3, 5], Wednesday=[2, 4, 6]}, availablePeriods={}, maxConsecutivePeriods=2, minPeriodsPerDay=1, periodsPerWeek=5, classTeacherOf=ClassInfo(classGrade=10, section=A, subject=Mathematics)), Teacher(name=Ravi, subjects=[Physics], forbiddenPeriods={Tuesday=[1, 4], Thursday=[2, 3]}, availablePeriods={}, maxConsecutivePeriods=3, minPeriodsPerDay=1, periodsPerWeek=6, classTeacherOf=ClassInfo(classGrade=11, section=B, subject=Physics))], 2=[Teacher(name=Radhu, subjects=[Mathematics], forbiddenPeriods={Monday=[3, 5], Wednesday=[2, 4, 6]}, availablePeriods={}, maxConsecutivePeriods=2, minPeriodsPerDay=1, periodsPerWeek=5, classTeacherOf=ClassInfo(classGrade=10, section=A, subject=Mathematics)), Teacher(name=Ravi, subjects=[Physics], forbiddenPeriods={Tuesday=[1, 4], Thursday=[2, 3]}, availablePeriods={}, maxConsecutivePeriods=3, minPeriodsPerDay=1, periodsPerWeek=6, classTeacherOf=ClassInfo(classGrade=11, section=B, subject=Physics))], 3=[Teacher(name=Radhu, subjects=[Mathematics], forbiddenPeriods={Monday=[3, 5], Wednesday=[2, 4, 6]}, availablePeriods={}, maxConsecutivePeriods=2, minPeriodsPerDay=1, periodsPerWeek=5, classTeacherOf=ClassInfo(classGrade=10, section=A, subject=Mathematics)), Teacher(name=Ravi, subjects=[Physics], forbiddenPeriods={Tuesday=[1, 4], Thursday=[2, 3]}, availablePeriods={}, maxConsecutivePeriods=3, minPeriodsPerDay=1, periodsPerWeek=6, classTeacherOf=ClassInfo(classGrade=11, section=B, subject=Physics))], 4=[Teacher(name=Radhu, subjects=[Mathematics], forbiddenPeriods={Monday=[3, 5], Wednesday=[2, 4, 6]}, availablePeriods={}, maxConsecutivePeriods=2, minPeriodsPerDay=1, periodsPerWeek=5, classTeacherOf=ClassInfo(classGrade=10, section=A, subject=Mathematics)), Teacher(name=Ravi, subjects=[Physics], forbiddenPeriods={Tuesday=[1, 4], Thursday=[2, 3]}, availablePeriods={}, maxConsecutivePeriods=3, minPeriodsPerDay=1, periodsPerWeek=6, classTeacherOf=ClassInfo(classGrade=11, section=B, subject=Physics))], 5=[Teacher(name=Radhu, subjects=[Mathematics], forbiddenPeriods={Monday=[3, 5], Wednesday=[2, 4, 6]}, availablePeriods={}, maxConsecutivePeriods=2, minPeriodsPerDay=1, periodsPerWeek=5, classTeacherOf=ClassInfo(classGrade=10, section=A, subject=Mathematics)), Teacher(name=Ravi, subjects=[Physics], forbiddenPeriods={Tuesday=[1, 4], Thursday=[2, 3]}, availablePeriods={}, maxConsecutivePeriods=3, minPeriodsPerDay=1, periodsPerWeek=6, classTeacherOf=ClassInfo(classGrade=11, section=B, subject=Physics))], 6=[Teacher(name=Radhu, subjects=[Mathematics], forbiddenPeriods={Monday=[3, 5], Wednesday=[2, 4, 6]}, availablePeriods={}, maxConsecutivePeriods=2, minPeriodsPerDay=1, periodsPerWeek=5, classTeacherOf=ClassInfo(classGrade=10, section=A, subject=Mathematics)), Teacher(name=Ravi, subjects=[Physics], forbiddenPeriods={Tuesday=[1, 4], Thursday=[2, 3]}, availablePeriods={}, maxConsecutivePeriods=3, minPeriodsPerDay=1, periodsPerWeek=6, classTeacherOf=ClassInfo(classGrade=11, section=B, subject=Physics))], 7=[Teacher(name=Radhu, subjects=[Mathematics], forbiddenPeriods={Monday=[3, 5], Wednesday=[2, 4, 6]}, availablePeriods={}, maxConsecutivePeriods=2, minPeriodsPerDay=1, periodsPerWeek=5, classTeacherOf=ClassInfo(classGrade=10, section=A, subject=Mathematics)), Teacher(name=Ravi, subjects=[Physics], forbiddenPeriods={Tuesday=[1, 4], Thursday=[2, 3]}, availablePeriods={}, maxConsecutivePeriods=3, minPeriodsPerDay=1, periodsPerWeek=6, classTeacherOf=ClassInfo(classGrade=11, section=B, subject=Physics))], 8=[Teacher(name=Radhu, subjects=[Mathematics], forbiddenPeriods={Monday=[3, 5], Wednesday=[2, 4, 6]}, availablePeriods={}, maxConsecutivePeriods=2, minPeriodsPerDay=1, periodsPerWeek=5, classTeacherOf=ClassInfo(classGrade=10, section=A, subject=Mathematics)), Teacher(name=Ravi, subjects=[Physics], forbiddenPeriods={Tuesday=[1, 4], Thursday=[2, 3]}, availablePeriods={}, maxConsecutivePeriods=3, minPeriodsPerDay=1, periodsPerWeek=6, classTeacherOf=ClassInfo(classGrade=11, section=B, subject=Physics))]}, Monday={1=[Teacher(name=Radhu, subjects=[Mathematics], forbiddenPeriods={Monday=[3, 5], Wednesday=[2, 4, 6]}, availablePeriods={}, maxConsecutivePeriods=2, minPeriodsPerDay=1, periodsPerWeek=5, classTeacherOf=ClassInfo(classGrade=10, section=A, subject=Mathematics)), Teacher(name=Ravi, subjects=[Physics], forbiddenPeriods={Tuesday=[1, 4], Thursday=[2, 3]}, availablePeriods={}, maxConsecutivePeriods=3, minPeriodsPerDay=1, periodsPerWeek=6, classTeacherOf=ClassInfo(classGrade=11, section=B, subject=Physics))], 2=[Teacher(name=Radhu, subjects=[Mathematics], forbiddenPeriods={Monday=[3, 5], Wednesday=[2, 4, 6]}, availablePeriods={}, maxConsecutivePeriods=2, minPeriodsPerDay=1, periodsPerWeek=5, classTeacherOf=ClassInfo(classGrade=10, section=A, subject=Mathematics)), Teacher(name=Ravi, subjects=[Physics], forbiddenPeriods={Tuesday=[1, 4], Thursday=[2, 3]}, availablePeriods={}, maxConsecutivePeriods=3, minPeriodsPerDay=1, periodsPerWeek=6, classTeacherOf=ClassInfo(classGrade=11, section=B, subject=Physics))], 3=[Teacher(name=Ravi, subjects=[Physics], forbiddenPeriods={Tuesday=[1, 4], Thursday=[2, 3]}, availablePeriods={}, maxConsecutivePeriods=3, minPeriodsPerDay=1, periodsPerWeek=6, classTeacherOf=ClassInfo(classGrade=11, section=B, subject=Physics))], 4=[Teacher(name=Radhu, subjects=[Mathematics], forbiddenPeriods={Monday=[3, 5], Wednesday=[2, 4, 6]}, availablePeriods={}, maxConsecutivePeriods=2, minPeriodsPerDay=1, periodsPerWeek=5, classTeacherOf=ClassInfo(classGrade=10, section=A, subject=Mathematics)), Teacher(name=Ravi, subjects=[Physics], forbiddenPeriods={Tuesday=[1, 4], Thursday=[2, 3]}, availablePeriods={}, maxConsecutivePeriods=3, minPeriodsPerDay=1, periodsPerWeek=6, classTeacherOf=ClassInfo(classGrade=11, section=B, subject=Physics))], 5=[Teacher(name=Ravi, subjects=[Physics], forbiddenPeriods={Tuesday=[1, 4], Thursday=[2, 3]}, availablePeriods={}, maxConsecutivePeriods=3, minPeriodsPerDay=1, periodsPerWeek=6, classTeacherOf=ClassInfo(classGrade=11, section=B, subject=Physics))], 6=[Teacher(name=Radhu, subjects=[Mathematics], forbiddenPeriods={Monday=[3, 5], Wednesday=[2, 4, 6]}, availablePeriods={}, maxConsecutivePeriods=2, minPeriodsPerDay=1, periodsPerWeek=5, classTeacherOf=ClassInfo(classGrade=10, section=A, subject=Mathematics)), Teacher(name=Ravi, subjects=[Physics], forbiddenPeriods={Tuesday=[1, 4], Thursday=[2, 3]}, availablePeriods={}, maxConsecutivePeriods=3, minPeriodsPerDay=1, periodsPerWeek=6, classTeacherOf=ClassInfo(classGrade=11, section=B, subject=Physics))], 7=[Teacher(name=Radhu, subjects=[Mathematics], forbiddenPeriods={Monday=[3, 5], Wednesday=[2, 4, 6]}, availablePeriods={}, maxConsecutivePeriods=2, minPeriodsPerDay=1, periodsPerWeek=5, classTeacherOf=ClassInfo(classGrade=10, section=A, subject=Mathematics)), Teacher(name=Ravi, subjects=[Physics], forbiddenPeriods={Tuesday=[1, 4], Thursday=[2, 3]}, availablePeriods={}, maxConsecutivePeriods=3, minPeriodsPerDay=1, periodsPerWeek=6, classTeacherOf=ClassInfo(classGrade=11, section=B, subject=Physics))], 8=[Teacher(name=Radhu, subjects=[Mathematics], forbiddenPeriods={Monday=[3, 5], Wednesday=[2, 4, 6]}, availablePeriods={}, maxConsecutivePeriods=2, minPeriodsPerDay=1, periodsPerWeek=5, classTeacherOf=ClassInfo(classGrade=10, section=A, subject=Mathematics)), Teacher(name=Ravi, subjects=[Physics], forbiddenPeriods={Tuesday=[1, 4], Thursday=[2, 3]}, availablePeriods={}, maxConsecutivePeriods=3, minPeriodsPerDay=1, periodsPerWeek=6, classTeacherOf=ClassInfo(classGrade=11, section=B, subject=Physics))]}, Wednesday={1=[Teacher(name=Radhu, subjects=[Mathematics], forbiddenPeriods={Monday=[3, 5], Wednesday=[2, 4, 6]}, availablePeriods={}, maxConsecutivePeriods=2, minPeriodsPerDay=1, periodsPerWeek=5, classTeacherOf=ClassInfo(classGrade=10, section=A, subject=Mathematics)), Teacher(name=Ravi, subjects=[Physics], forbiddenPeriods={Tuesday=[1, 4], Thursday=[2, 3]}, availablePeriods={}, maxConsecutivePeriods=3, minPeriodsPerDay=1, periodsPerWeek=6, classTeacherOf=ClassInfo(classGrade=11, section=B, subject=Physics))], 2=[Teacher(name=Ravi, subjects=[Physics], forbiddenPeriods={Tuesday=[1, 4], Thursday=[2, 3]}, availablePeriods={}, maxConsecutivePeriods=3, minPeriodsPerDay=1, periodsPerWeek=6, classTeacherOf=ClassInfo(classGrade=11, section=B, subject=Physics))], 3=[Teacher(name=Radhu, subjects=[Mathematics], forbiddenPeriods={Monday=[3, 5], Wednesday=[2, 4, 6]}, availablePeriods={}, maxConsecutivePeriods=2, minPeriodsPerDay=1, periodsPerWeek=5, classTeacherOf=ClassInfo(classGrade=10, section=A, subject=Mathematics)), Teacher(name=Ravi, subjects=[Physics], forbiddenPeriods={Tuesday=[1, 4], Thursday=[2, 3]}, availablePeriods={}, maxConsecutivePeriods=3, minPeriodsPerDay=1, periodsPerWeek=6, classTeacherOf=ClassInfo(classGrade=11, section=B, subject=Physics))], 4=[Teacher(name=Ravi, subjects=[Physics], forbiddenPeriods={Tuesday=[1, 4], Thursday=[2, 3]}, availablePeriods={}, maxConsecutivePeriods=3, minPeriodsPerDay=1, periodsPerWeek=6, classTeacherOf=ClassInfo(classGrade=11, section=B, subject=Physics))], 5=[Teacher(name=Radhu, subjects=[Mathematics], forbiddenPeriods={Monday=[3, 5], Wednesday=[2, 4, 6]}, availablePeriods={}, maxConsecutivePeriods=2, minPeriodsPerDay=1, periodsPerWeek=5, classTeacherOf=ClassInfo(classGrade=10, section=A, subject=Mathematics)), Teacher(name=Ravi, subjects=[Physics], forbiddenPeriods={Tuesday=[1, 4], Thursday=[2, 3]}, availablePeriods={}, maxConsecutivePeriods=3, minPeriodsPerDay=1, periodsPerWeek=6, classTeacherOf=ClassInfo(classGrade=11, section=B, subject=Physics))], 6=[Teacher(name=Ravi, subjects=[Physics], forbiddenPeriods={Tuesday=[1, 4], Thursday=[2, 3]}, availablePeriods={}, maxConsecutivePeriods=3, minPeriodsPerDay=1, periodsPerWeek=6, classTeacherOf=ClassInfo(classGrade=11, section=B, subject=Physics))], 7=[Teacher(name=Radhu, subjects=[Mathematics], forbiddenPeriods={Monday=[3, 5], Wednesday=[2, 4, 6]}, availablePeriods={}, maxConsecutivePeriods=2, minPeriodsPerDay=1, periodsPerWeek=5, classTeacherOf=ClassInfo(classGrade=10, section=A, subject=Mathematics)), Teacher(name=Ravi, subjects=[Physics], forbiddenPeriods={Tuesday=[1, 4], Thursday=[2, 3]}, availablePeriods={}, maxConsecutivePeriods=3, minPeriodsPerDay=1, periodsPerWeek=6, classTeacherOf=ClassInfo(classGrade=11, section=B, subject=Physics))], 8=[Teacher(name=Radhu, subjects=[Mathematics], forbiddenPeriods={Monday=[3, 5], Wednesday=[2, 4, 6]}, availablePeriods={}, maxConsecutivePeriods=2, minPeriodsPerDay=1, periodsPerWeek=5, classTeacherOf=ClassInfo(classGrade=10, section=A, subject=Mathematics)), Teacher(name=Ravi, subjects=[Physics], forbiddenPeriods={Tuesday=[1, 4], Thursday=[2, 3]}, availablePeriods={}, maxConsecutivePeriods=3, minPeriodsPerDay=1, periodsPerWeek=6, classTeacherOf=ClassInfo(classGrade=11, section=B, subject=Physics))]}, Tuesday={1=[Teacher(name=Radhu, subjects=[Mathematics], forbiddenPeriods={Monday=[3, 5], Wednesday=[2, 4, 6]}, availablePeriods={}, maxConsecutivePeriods=2, minPeriodsPerDay=1, periodsPerWeek=5, classTeacherOf=ClassInfo(classGrade=10, section=A, subject=Mathematics))], 2=[Teacher(name=Radhu, subjects=[Mathematics], forbiddenPeriods={Monday=[3, 5], Wednesday=[2, 4, 6]}, availablePeriods={}, maxConsecutivePeriods=2, minPeriodsPerDay=1, periodsPerWeek=5, classTeacherOf=ClassInfo(classGrade=10, section=A, subject=Mathematics)), Teacher(name=Ravi, subjects=[Physics], forbiddenPeriods={Tuesday=[1, 4], Thursday=[2, 3]}, availablePeriods={}, maxConsecutivePeriods=3, minPeriodsPerDay=1, periodsPerWeek=6, classTeacherOf=ClassInfo(classGrade=11, section=B, subject=Physics))], 3=[Teacher(name=Radhu, subjects=[Mathematics], forbiddenPeriods={Monday=[3, 5], Wednesday=[2, 4, 6]}, availablePeriods={}, maxConsecutivePeriods=2, minPeriodsPerDay=1, periodsPerWeek=5, classTeacherOf=ClassInfo(classGrade=10, section=A, subject=Mathematics)), Teacher(name=Ravi, subjects=[Physics], forbiddenPeriods={Tuesday=[1, 4], Thursday=[2, 3]}, availablePeriods={}, maxConsecutivePeriods=3, minPeriodsPerDay=1, periodsPerWeek=6, classTeacherOf=ClassInfo(classGrade=11, section=B, subject=Physics))], 4=[Teacher(name=Radhu, subjects=[Mathematics], forbiddenPeriods={Monday=[3, 5], Wednesday=[2, 4, 6]}, availablePeriods={}, maxConsecutivePeriods=2, minPeriodsPerDay=1, periodsPerWeek=5, classTeacherOf=ClassInfo(classGrade=10, section=A, subject=Mathematics))], 5=[Teacher(name=Radhu, subjects=[Mathematics], forbiddenPeriods={Monday=[3, 5], Wednesday=[2, 4, 6]}, availablePeriods={}, maxConsecutivePeriods=2, minPeriodsPerDay=1, periodsPerWeek=5, classTeacherOf=ClassInfo(classGrade=10, section=A, subject=Mathematics)), Teacher(name=Ravi, subjects=[Physics], forbiddenPeriods={Tuesday=[1, 4], Thursday=[2, 3]}, availablePeriods={}, maxConsecutivePeriods=3, minPeriodsPerDay=1, periodsPerWeek=6, classTeacherOf=ClassInfo(classGrade=11, section=B, subject=Physics))], 6=[Teacher(name=Radhu, subjects=[Mathematics], forbiddenPeriods={Monday=[3, 5], Wednesday=[2, 4, 6]}, availablePeriods={}, maxConsecutivePeriods=2, minPeriodsPerDay=1, periodsPerWeek=5, classTeacherOf=ClassInfo(classGrade=10, section=A, subject=Mathematics)), Teacher(name=Ravi, subjects=[Physics], forbiddenPeriods={Tuesday=[1, 4], Thursday=[2, 3]}, availablePeriods={}, maxConsecutivePeriods=3, minPeriodsPerDay=1, periodsPerWeek=6, classTeacherOf=ClassInfo(classGrade=11, section=B, subject=Physics))], 7=[Teacher(name=Radhu, subjects=[Mathematics], forbiddenPeriods={Monday=[3, 5], Wednesday=[2, 4, 6]}, availablePeriods={}, maxConsecutivePeriods=2, minPeriodsPerDay=1, periodsPerWeek=5, classTeacherOf=ClassInfo(classGrade=10, section=A, subject=Mathematics)), Teacher(name=Ravi, subjects=[Physics], forbiddenPeriods={Tuesday=[1, 4], Thursday=[2, 3]}, availablePeriods={}, maxConsecutivePeriods=3, minPeriodsPerDay=1, periodsPerWeek=6, classTeacherOf=ClassInfo(classGrade=11, section=B, subject=Physics))], 8=[Teacher(name=Radhu, subjects=[Mathematics], forbiddenPeriods={Monday=[3, 5], Wednesday=[2, 4, 6]}, availablePeriods={}, maxConsecutivePeriods=2, minPeriodsPerDay=1, periodsPerWeek=5, classTeacherOf=ClassInfo(classGrade=10, section=A, subject=Mathematics)), Teacher(name=Ravi, subjects=[Physics], forbiddenPeriods={Tuesday=[1, 4], Thursday=[2, 3]}, availablePeriods={}, maxConsecutivePeriods=3, minPeriodsPerDay=1, periodsPerWeek=6, classTeacherOf=ClassInfo(classGrade=11, section=B, subject=Physics))]}, Thursday={1=[Teacher(name=Radhu, subjects=[Mathematics], forbiddenPeriods={Monday=[3, 5], Wednesday=[2, 4, 6]}, availablePeriods={}, maxConsecutivePeriods=2, minPeriodsPerDay=1, periodsPerWeek=5, classTeacherOf=ClassInfo(classGrade=10, section=A, subject=Mathematics)), Teacher(name=Ravi, subjects=[Physics], forbiddenPeriods={Tuesday=[1, 4], Thursday=[2, 3]}, availablePeriods={}, maxConsecutivePeriods=3, minPeriodsPerDay=1, periodsPerWeek=6, classTeacherOf=ClassInfo(classGrade=11, section=B, subject=Physics))], 2=[Teacher(name=Radhu, subjects=[Mathematics], forbiddenPeriods={Monday=[3, 5], Wednesday=[2, 4, 6]}, availablePeriods={}, maxConsecutivePeriods=2, minPeriodsPerDay=1, periodsPerWeek=5, classTeacherOf=ClassInfo(classGrade=10, section=A, subject=Mathematics))], 3=[Teacher(name=Radhu, subjects=[Mathematics], forbiddenPeriods={Monday=[3, 5], Wednesday=[2, 4, 6]}, availablePeriods={}, maxConsecutivePeriods=2, minPeriodsPerDay=1, periodsPerWeek=5, classTeacherOf=ClassInfo(classGrade=10, section=A, subject=Mathematics))], 4=[Teacher(name=Radhu, subjects=[Mathematics], forbiddenPeriods={Monday=[3, 5], Wednesday=[2, 4, 6]}, availablePeriods={}, maxConsecutivePeriods=2, minPeriodsPerDay=1, periodsPerWeek=5, classTeacherOf=ClassInfo(classGrade=10, section=A, subject=Mathematics)), Teacher(name=Ravi, subjects=[Physics], forbiddenPeriods={Tuesday=[1, 4], Thursday=[2, 3]}, availablePeriods={}, maxConsecutivePeriods=3, minPeriodsPerDay=1, periodsPerWeek=6, classTeacherOf=ClassInfo(classGrade=11, section=B, subject=Physics))], 5=[Teacher(name=Radhu, subjects=[Mathematics], forbiddenPeriods={Monday=[3, 5], Wednesday=[2, 4, 6]}, availablePeriods={}, maxConsecutivePeriods=2, minPeriodsPerDay=1, periodsPerWeek=5, classTeacherOf=ClassInfo(classGrade=10, section=A, subject=Mathematics)), Teacher(name=Ravi, subjects=[Physics], forbiddenPeriods={Tuesday=[1, 4], Thursday=[2, 3]}, availablePeriods={}, maxConsecutivePeriods=3, minPeriodsPerDay=1, periodsPerWeek=6, classTeacherOf=ClassInfo(classGrade=11, section=B, subject=Physics))], 6=[Teacher(name=Radhu, subjects=[Mathematics], forbiddenPeriods={Monday=[3, 5], Wednesday=[2, 4, 6]}, availablePeriods={}, maxConsecutivePeriods=2, minPeriodsPerDay=1, periodsPerWeek=5, classTeacherOf=ClassInfo(classGrade=10, section=A, subject=Mathematics)), Teacher(name=Ravi, subjects=[Physics], forbiddenPeriods={Tuesday=[1, 4], Thursday=[2, 3]}, availablePeriods={}, maxConsecutivePeriods=3, minPeriodsPerDay=1, periodsPerWeek=6, classTeacherOf=ClassInfo(classGrade=11, section=B, subject=Physics))], 7=[Teacher(name=Radhu, subjects=[Mathematics], forbiddenPeriods={Monday=[3, 5], Wednesday=[2, 4, 6]}, availablePeriods={}, maxConsecutivePeriods=2, minPeriodsPerDay=1, periodsPerWeek=5, classTeacherOf=ClassInfo(classGrade=10, section=A, subject=Mathematics)), Teacher(name=Ravi, subjects=[Physics], forbiddenPeriods={Tuesday=[1, 4], Thursday=[2, 3]}, availablePeriods={}, maxConsecutivePeriods=3, minPeriodsPerDay=1, periodsPerWeek=6, classTeacherOf=ClassInfo(classGrade=11, section=B, subject=Physics))], 8=[Teacher(name=Radhu, subjects=[Mathematics], forbiddenPeriods={Monday=[3, 5], Wednesday=[2, 4, 6]}, availablePeriods={}, maxConsecutivePeriods=2, minPeriodsPerDay=1, periodsPerWeek=5, classTeacherOf=ClassInfo(classGrade=10, section=A, subject=Mathematics)), Teacher(name=Ravi, subjects=[Physics], forbiddenPeriods={Tuesday=[1, 4], Thursday=[2, 3]}, availablePeriods={}, maxConsecutivePeriods=3, minPeriodsPerDay=1, periodsPerWeek=6, classTeacherOf=ClassInfo(classGrade=11, section=B, subject=Physics))]}}
*****Class Schedules: ********{10A={Friday=[ScheduleEntry(period=1, classInfo=ClassInfo(classGrade=10, section=A, subject=Mathematics))], Monday=[ScheduleEntry(period=1, classInfo=ClassInfo(classGrade=10, section=A, subject=Mathematics))], Wednesday=[ScheduleEntry(period=1, classInfo=ClassInfo(classGrade=10, section=A, subject=Mathematics))], Tuesday=[ScheduleEntry(period=1, classInfo=ClassInfo(classGrade=10, section=A, subject=Mathematics))], Thursday=[ScheduleEntry(period=1, classInfo=ClassInfo(classGrade=10, section=A, subject=Mathematics))]}, 11B={Friday=[ScheduleEntry(period=1, classInfo=ClassInfo(classGrade=11, section=B, subject=Physics))], Monday=[ScheduleEntry(period=1, classInfo=ClassInfo(classGrade=11, section=B, subject=Physics))], Wednesday=[ScheduleEntry(period=1, classInfo=ClassInfo(classGrade=11, section=B, subject=Physics))], Tuesday=[ScheduleEntry(period=1, classInfo=ClassInfo(classGrade=11, section=B, subject=Physics))], Thursday=[ScheduleEntry(period=1, classInfo=ClassInfo(classGrade=11, section=B, subject=Physics))]}}
******Subject Period Tracker****{Mathematics={10A=PeriodRequirement(remainingPeriodsPerDay=1, remainingPeriodsPerWeek=5)}, Physics={11B=PeriodRequirement(remainingPeriodsPerDay=1, remainingPeriodsPerWeek=6)}}
******Teacher WorkLoad Mapping*****{Radhu={Friday=0, Monday=0, Wednesday=0, Tuesday=0, Thursday=0}, Ravi={Friday=0, Monday=0, Wednesday=0, Tuesday=0, Thursday=0}}
******Subject Usage Map*******{Mathematics=[ClassPeriodCount(classGrade=10, section=A, totalPeriods=0)], Physics=[ClassPeriodCount(classGrade=11, section=B, totalPeriods=0)]}
]]></system-out>
  </testcase>
</testsuite>